# Core packages for Hyprland
hyprland
hyprlock
hypridle
hyprpaper
xdg-desktop-portal-hyprland
xdg-desktop-portal-gtk
waybar
rofi-wayland
dunst
grim
slurp
swappy
wl-clipboard
cliphist
wlogout
brightnessctl
playerctl
kitty
qt5ct
qt6ct
kvantum
nwg-look
papirus-icon-theme
breeze-cursor-theme
adwaita-qt5
adwaita-qt6
google-noto-emoji-fonts
fira-code-fonts
jetbrains-mono-fonts
google-roboto-fonts
fontawesome-fonts
powerline-fonts
neovim
htop
btop
ranger
fzf
zoxide
eza
bat
ripgrep
fd-find
jq
imagemagick
ffmpegthumbnailer
udisks2
udiskie
pavucontrol
blueman
network-manager-applet
polkit-gnome
zsh
starship
zsh-autosuggestions
zsh-syntax-highlighting
pamixer
filezilla
